Der Buildvorgang wurde am 16.03.2011 11:57:33 gestartet.
     1>Projekt "C:\FH\Erweiterte Konzepte der Programmierung\bartender\example.vcxproj" auf Knoten "2", build Ziel(e).
     1>InitializeBuildStatus:
         "Release\bartender.unsuccessfulbuild" wird erstellt, da "AlwaysCreate" angegeben wurde.
       ClCompile:
         C:\Program Files\Microsoft Visual Studio 10.0\VC\bin\CL.exe /c /I"C:\Program Files\boost\boost_1_44" /Zi /nologo /W3 /WX- /O2 /Oi /Oy- /GL /D WIN32 /D NDEBUG /D _CONSOLE /D _UNICODE /D UNICODE /Gm- /EHsc /MD /GS /Gy /fp:precise /Zc:wchar_t /Zc:forScope /Fo"Release\\" /Fd"Release\vc100.pdb" /Gd /TP /analyze- /errorReport:prompt main.cpp
         main.cpp
       Link:
         C:\Program Files\Microsoft Visual Studio 10.0\VC\bin\link.exe /ERRORREPORT:PROMPT /OUT:"C:\FH\Erweiterte Konzepte der Programmierung\bartender\Release\bartender.exe" /INCREMENTAL:NO /NOLOGO /LIBPATH:"C:\Program Files\boost\boost_1_44/lib" kernel32.lib user32.lib gdi32.lib winspool.lib comdlg32.lib advapi32.lib shell32.lib ole32.lib oleaut32.lib uuid.lib odbc32.lib odbccp32.lib /MANIFEST /ManifestFile:"Release\bartender.exe.intermediate.manifest" /MANIFESTUAC:"level='asInvoker' uiAccess='false'" /DEBUG /PDB:"C:\FH\Erweiterte Konzepte der Programmierung\bartender\Release\bartender.pdb" /SUBSYSTEM:CONSOLE /OPT:REF /OPT:ICF /LTCG /TLBID:1 /DYNAMICBASE /NXCOMPAT /IMPLIB:"C:\FH\Erweiterte Konzepte der Programmierung\bartender\Release\bartender.lib" /MACHINE:X86 Release\main.obj
         Code wird generiert.
         Codegenerierung ist abgeschlossen.
         example.vcxproj -> C:\FH\Erweiterte Konzepte der Programmierung\bartender\Release\bartender.exe
       Manifest:
         C:\Program Files\Microsoft SDKs\Windows\v7.0A\bin\mt.exe /nologo /verbose /outputresource:"C:\FH\Erweiterte Konzepte der Programmierung\bartender\Release\bartender.exe;#1" /manifest Release\bartender.exe.intermediate.manifest
       FinalizeBuildStatus:
         Die Datei "Release\bartender.unsuccessfulbuild" wird gelöscht.
         Aktualisieren des Timestamps von "Release\bartender.lastbuildstate".
     1>Die Erstellung des Projekts "C:\FH\Erweiterte Konzepte der Programmierung\bartender\example.vcxproj" ist abgeschlossen, build Ziel(e).

Das Erstellen war erfolgreich.

Verstrichene Zeit 00:00:09.97
